Using pre-set license
Built from '2021.3/staging' branch; Version is '2021.3.18f1 (3129e69bc0c7) revision 3221990'; Using compiler version '192829333'; Build Type 'Release'
OS: 'Windows 10  (10.0.19045) 64bit Core' Language: 'ko' Physical Memory: 32555 MB
BatchMode: 1, IsHumanControllingUs: 0, StartBugReporterOnCrash: 0, Is64bit: 1, IsPro: 1

COMMAND LINE ARGUMENTS:
C:\Program Files\Unity\Hub\Editor\2021.3.18f1\Editor\Unity.exe
-adb2
-batchMode
-noUpm
-name
AssetImportWorker6
-projectPath
C:/Users/meal/Documents/GitHub/GraduationProject/Valrorant
-logFile
Logs/AssetImportWorker6.log
-srvPort
55434
Successfully changed project path to: C:/Users/meal/Documents/GitHub/GraduationProject/Valrorant
C:/Users/meal/Documents/GitHub/GraduationProject/Valrorant
[UnityMemory] Configuration Parameters - Can be set up in boot.config
    "memorysetup-bucket-allocator-granularity=16"
    "memorysetup-bucket-allocator-bucket-count=8"
    "memorysetup-bucket-allocator-block-size=33554432"
    "memorysetup-bucket-allocator-block-count=8"
    "memorysetup-main-allocator-block-size=16777216"
    "memorysetup-thread-allocator-block-size=16777216"
    "memorysetup-gfx-main-allocator-block-size=16777216"
    "memorysetup-gfx-thread-allocator-block-size=16777216"
    "memorysetup-cache-allocator-block-size=4194304"
    "memorysetup-typetree-allocator-block-size=2097152"
    "memorysetup-profiler-bucket-allocator-granularity=16"
    "memorysetup-profiler-bucket-allocator-bucket-count=8"
    "memorysetup-profiler-bucket-allocator-block-size=33554432"
    "memorysetup-profiler-bucket-allocator-block-count=8"
    "memorysetup-profiler-allocator-block-size=16777216"
    "memorysetup-profiler-editor-allocator-block-size=1048576"
    "memorysetup-temp-allocator-size-main=16777216"
    "memorysetup-job-temp-allocator-block-size=2097152"
    "memorysetup-job-temp-allocator-block-size-background=1048576"
    "memorysetup-job-temp-allocator-reduction-small-platforms=262144"
    "memorysetup-temp-allocator-size-background-worker=32768"
    "memorysetup-temp-allocator-size-job-worker=262144"
    "memorysetup-temp-allocator-size-preload-manager=33554432"
    "memorysetup-temp-allocator-size-nav-mesh-worker=65536"
    "memorysetup-temp-allocator-size-audio-worker=65536"
    "memorysetup-temp-allocator-size-cloud-worker=32768"
    "memorysetup-temp-allocator-size-gi-baking-worker=262144"
    "memorysetup-temp-allocator-size-gfx=262144"
Player connection [16028] Host "[IP] 192.168.0.2 [Port] 0 [Flags] 2 [Guid] 2854638210 [EditorId] 2854638210 [Version] 1048832 [Id] WindowsEditor(7,DESKTOP-G3SH0GC) [Debug] 1 [PackageName] WindowsEditor [ProjectName] Editor" joined multi-casting on [225.0.0.222:54997]...

Player connection [16028] Host "[IP] 192.168.0.2 [Port] 0 [Flags] 2 [Guid] 2854638210 [EditorId] 2854638210 [Version] 1048832 [Id] WindowsEditor(7,DESKTOP-G3SH0GC) [Debug] 1 [PackageName] WindowsEditor [ProjectName] Editor" joined alternative multi-casting on [225.0.0.222:34997]...

Refreshing native plugins compatible for Editor in 80.53 ms, found 3 plugins.
Preloading 0 native plugins for Editor in 0.00 ms.
Initialize engine version: 2021.3.18f1 (3129e69bc0c7)
[Subsystems] Discovering subsystems at path C:/Program Files/Unity/Hub/Editor/2021.3.18f1/Editor/Data/Resources/UnitySubsystems
[Subsystems] Discovering subsystems at path C:/Users/meal/Documents/GitHub/GraduationProject/Valrorant/Assets
GfxDevice: creating device client; threaded=0; jobified=0
Direct3D:
    Version:  Direct3D 11.0 [level 11.1]
    Renderer: NVIDIA GeForce RTX 3070 (ID=0x2488)
    Vendor:   NVIDIA
    VRAM:     8031 MB
    Driver:   31.0.15.3623
Shader 'WFX/Transparent Diffuse': fallback shader 'Particles/Alpha Blended' not found
Shader 'WFX/Transparent Specular': fallback shader 'Particles/Alpha Blended' not found
Initialize mono
Mono path[0] = 'C:/Program Files/Unity/Hub/Editor/2021.3.18f1/Editor/Data/Managed'
Mono path[1] = 'C:/Program Files/Unity/Hub/Editor/2021.3.18f1/Editor/Data/MonoBleedingEdge/lib/mono/unityjit-win32'
Mono config path = 'C:/Program Files/Unity/Hub/Editor/2021.3.18f1/Editor/Data/MonoBleedingEdge/etc'
Using monoOptions --debugger-agent=transport=dt_socket,embedding=1,server=y,suspend=n,address=127.0.0.1:56364
Begin MonoManager ReloadAssembly
Registering precompiled unity dll's ...
Register platform support module: C:/Program Files/Unity/Hub/Editor/2021.3.18f1/Editor/Data/PlaybackEngines/AndroidPlayer/UnityEditor.Android.Extensions.dll
Register platform support module: C:/Program Files/Unity/Hub/Editor/2021.3.18f1/Editor/Data/PlaybackEngines/iOSSupport/UnityEditor.iOS.Extensions.dll
Register platform support module: C:/Program Files/Unity/Hub/Editor/2021.3.18f1/Editor/Data/PlaybackEngines/WindowsStandaloneSupport/UnityEditor.WindowsStandalone.Extensions.dll
Registered in 0.007774 seconds.
Native extension for WindowsStandalone target not found
[usbmuxd] Start listen thread
[usbmuxd] Listen thread started
Native extension for iOS target not found
Native extension for Android target not found
Android Extension - Scanning For ADB Devices 223 ms
Refreshing native plugins compatible for Editor in 40.56 ms, found 3 plugins.
Preloading 0 native plugins for Editor in 0.00 ms.
Mono: successfully reloaded assembly
- Completed reload, in  0.782 seconds
Domain Reload Profiling:
	ReloadAssembly (782ms)
		BeginReloadAssembly (68ms)
			ExecutionOrderSort (0ms)
			DisableScriptedObjects (0ms)
			BackupInstance (0ms)
			ReleaseScriptingObjects (0ms)
			CreateAndSetChildDomain (1ms)
		EndReloadAssembly (612ms)
			LoadAssemblies (66ms)
			RebuildTransferFunctionScriptingTraits (0ms)
			SetupTypeCache (95ms)
			ReleaseScriptCaches (0ms)
			RebuildScriptCaches (29ms)
			SetupLoadedEditorAssemblies (441ms)
				LogAssemblyErrors (0ms)
				InitializePlatformSupportModulesInManaged (287ms)
				SetLoadedEditorAssemblies (0ms)
				RefreshPlugins (41ms)
				BeforeProcessingInitializeOnLoad (1ms)
				ProcessInitializeOnLoadAttributes (73ms)
				ProcessInitializeOnLoadMethodAttributes (39ms)
				AfterProcessingInitializeOnLoad (0ms)
				EditorAssembliesLoaded (0ms)
			ExecutionOrderSort2 (0ms)
			AwakeInstancesAfterBackupRestoration (0ms)
Platform modules already initialized, skipping
Registering precompiled user dll's ...
Registered in 0.004083 seconds.
Begin MonoManager ReloadAssembly
Symbol file LoadedFromMemory doesn't match image C:\Users\meal\Documents\GitHub\GraduationProject\Valrorant\Library\PackageCache\com.unity.visualscripting@1.8.0\Editor\VisualScripting.Core\Dependencies\YamlDotNet\Unity.VisualScripting.YamlDotNet.dll
Symbol file LoadedFromMemory doesn't match image C:\Users\meal\Documents\GitHub\GraduationProject\Valrorant\Library\PackageCache\com.unity.visualscripting@1.8.0\Editor\VisualScripting.Core\Dependencies\DotNetZip\Unity.VisualScripting.IonicZip.dll
Native extension for WindowsStandalone target not found
Native extension for iOS target not found
Native extension for Android target not found
Refreshing native plugins compatible for Editor in 82.73 ms, found 3 plugins.
Preloading 0 native plugins for Editor in 0.00 ms.
Mono: successfully reloaded assembly
- Completed reload, in  1.156 seconds
Domain Reload Profiling:
	ReloadAssembly (1157ms)
		BeginReloadAssembly (94ms)
			ExecutionOrderSort (0ms)
			DisableScriptedObjects (6ms)
			BackupInstance (0ms)
			ReleaseScriptingObjects (0ms)
			CreateAndSetChildDomain (18ms)
		EndReloadAssembly (958ms)
			LoadAssemblies (60ms)
			RebuildTransferFunctionScriptingTraits (0ms)
			SetupTypeCache (283ms)
			ReleaseScriptCaches (1ms)
			RebuildScriptCaches (58ms)
			SetupLoadedEditorAssemblies (499ms)
				LogAssemblyErrors (0ms)
				InitializePlatformSupportModulesInManaged (25ms)
				SetLoadedEditorAssemblies (0ms)
				RefreshPlugins (83ms)
				BeforeProcessingInitializeOnLoad (87ms)
				ProcessInitializeOnLoadAttributes (281ms)
				ProcessInitializeOnLoadMethodAttributes (17ms)
				AfterProcessingInitializeOnLoad (7ms)
				EditorAssembliesLoaded (0ms)
			ExecutionOrderSort2 (0ms)
			AwakeInstancesAfterBackupRestoration (6ms)
Platform modules already initialized, skipping
========================================================================
Worker process is ready to serve import requests
Shader 'WFX/Transparent Diffuse': fallback shader 'Particles/Alpha Blended' not found
Shader 'WFX/Transparent Specular': fallback shader 'Particles/Alpha Blended' not found
Launched and connected shader compiler UnityShaderCompiler.exe after 0.03 seconds
Refreshing native plugins compatible for Editor in 0.39 ms, found 3 plugins.
Preloading 0 native plugins for Editor in 0.00 ms.
Unloading 3585 Unused Serialized files (Serialized files now loaded: 0)
Unloading 38 unused Assets / (129.0 KB). Loaded Objects now: 4049.
Memory consumption went from 136.0 MB to 135.9 MB.
Total: 1.981600 ms (FindLiveObjects: 0.166100 ms CreateObjectMapping: 0.050000 ms MarkObjects: 1.678300 ms  DeleteObjects: 0.086200 ms)

AssetImportParameters requested are different than current active one (requested -> active):
  custom:video-decoder-ogg-theora: a1e56fd34408186e4bbccfd4996cb3dc -> 
  custom:container-muxer-webm: aa71ff27fc2769a1b78a27578f13a17b -> 
  custom:container-demuxer-webm: 4f35f7cbe854078d1ac9338744f61a02 -> 
  custom:video-encoder-webm-vp8: eb34c28f22e8b96e1ab97ce403110664 -> 
  custom:audio-encoder-webm-vorbis: bf7c407c2cedff20999df2af8eb42d56 -> 
  custom:framework-win-MediaFoundation: 216162199b28c13a410421893ffa2e32 -> 
  custom:container-demuxer-ogg: 62fdf1f143b41e24485cea50d1cbac27 -> 
  custom:video-decoder-webm-vp8: 9c59270c3fd7afecdb556c50c9e8de78 -> 
  custom:audio-decoder-ogg-vorbis: bf7c407c2cedff20999df2af8eb42d56 -> 
========================================================================
Received Import Request.
  Time since last request: 86089.974557 seconds.
  path: Assets/JMO Assets/WarFX/_Effects/MuzzleFlashes/4Planes/WFX_MF 4P RIFLE2.prefab
  artifactKey: Guid(b0a227fc2e558f241b1c747820ccc361) Importer(815301076,1909f56bfc062723c751e8b465ee728b)
Start importing Assets/JMO Assets/WarFX/_Effects/MuzzleFlashes/4Planes/WFX_MF 4P RIFLE2.prefab using Guid(b0a227fc2e558f241b1c747820ccc361) Importer(815301076,1909f56bfc062723c751e8b465ee728b)  -> (artifact id: 'e7fb86059bffb022e07f3f8349ce4bbb') in 0.102791 seconds 
========================================================================
Received Import Request.
  Time since last request: 0.559517 seconds.
  path: Assets/JMO Assets/WarFX/_Effects/Smoke/WFX_SmokeGrenade AlphaBlend Black.prefab
  artifactKey: Guid(6f8449a4663a4fd44b6140772d4f39f9) Importer(815301076,1909f56bfc062723c751e8b465ee728b)
Start importing Assets/JMO Assets/WarFX/_Effects/Smoke/WFX_SmokeGrenade AlphaBlend Black.prefab using Guid(6f8449a4663a4fd44b6140772d4f39f9) Importer(815301076,1909f56bfc062723c751e8b465ee728b)  -> (artifact id: '67109db45b0c76db027c70d93a6ed090') in 0.016714 seconds 
========================================================================
Received Import Request.
  Time since last request: 0.000020 seconds.
  path: Assets/JMO Assets/WarFX/_Effects/Smoke/WFX_SmokeGrenade Gray.prefab
  artifactKey: Guid(a24c2dc4ddb2fb34591d1bbab6a8354a) Importer(815301076,1909f56bfc062723c751e8b465ee728b)
Start importing Assets/JMO Assets/WarFX/_Effects/Smoke/WFX_SmokeGrenade Gray.prefab using Guid(a24c2dc4ddb2fb34591d1bbab6a8354a) Importer(815301076,1909f56bfc062723c751e8b465ee728b)  -> (artifact id: 'eb5364e49e491d5f2277153153f631f9') in 0.015080 seconds 
========================================================================
Received Import Request.
  Time since last request: 0.542570 seconds.
  path: Assets/JMO Assets/WarFX/_Effects/MuzzleFlashes/Sprites/WFX_MF Spr RIFLE2.prefab
  artifactKey: Guid(eb553b67921c92649ac7dbbc561e2047) Importer(815301076,1909f56bfc062723c751e8b465ee728b)
Start importing Assets/JMO Assets/WarFX/_Effects/MuzzleFlashes/Sprites/WFX_MF Spr RIFLE2.prefab using Guid(eb553b67921c92649ac7dbbc561e2047) Importer(815301076,1909f56bfc062723c751e8b465ee728b)  -> (artifact id: '419c8b009693387bb1211dfb1f5e1cfe') in 0.023830 seconds 
========================================================================
Received Import Request.
  Time since last request: 0.275634 seconds.
  path: Assets/JMO Assets/WarFX/_Effects/MuzzleFlashes/FPS/WFX_MF FPS RIFLE2.prefab
  artifactKey: Guid(03a4a1935a9f4454c861dfa0aa6df562) Importer(815301076,1909f56bfc062723c751e8b465ee728b)
Start importing Assets/JMO Assets/WarFX/_Effects/MuzzleFlashes/FPS/WFX_MF FPS RIFLE2.prefab using Guid(03a4a1935a9f4454c861dfa0aa6df562) Importer(815301076,1909f56bfc062723c751e8b465ee728b)  -> (artifact id: '9e0e4f97710b2e08c034dc1dcd587c5c') in 0.022130 seconds 
========================================================================
Received Import Request.
  Time since last request: 75.534834 seconds.
  path: Assets/JMO Assets/WarFX/_Effects (Mobile)/Explosions/WFXMR_Explosion Simple.prefab
  artifactKey: Guid(8f611da60097c85438a2947021f045cf) Importer(815301076,1909f56bfc062723c751e8b465ee728b)
Start importing Assets/JMO Assets/WarFX/_Effects (Mobile)/Explosions/WFXMR_Explosion Simple.prefab using Guid(8f611da60097c85438a2947021f045cf) Importer(815301076,1909f56bfc062723c751e8b465ee728b)  -> (artifact id: '7e2f7e8e1ccd6ab7ac07dbc06329947f') in 0.037643 seconds 
========================================================================
Received Import Request.
  Time since last request: 0.000014 seconds.
  path: Assets/JMO Assets/WarFX/_Effects (Mobile)/Explosions/WFXMR_ExplosiveSmokeGround.prefab
  artifactKey: Guid(808e73d863fcde3499fd5301563ffd3d) Importer(815301076,1909f56bfc062723c751e8b465ee728b)
Start importing Assets/JMO Assets/WarFX/_Effects (Mobile)/Explosions/WFXMR_ExplosiveSmokeGround.prefab using Guid(808e73d863fcde3499fd5301563ffd3d) Importer(815301076,1909f56bfc062723c751e8b465ee728b)  -> (artifact id: '3b408e4d54127f2b57b86fdff6ce78d2') in 0.016810 seconds 
========================================================================
Received Import Request.
  Time since last request: 0.000012 seconds.
  path: Assets/JMO Assets/WarFX/_Effects (Mobile)/Explosions/WFXMR_ExplosiveSmokeGround Big Alt.prefab
  artifactKey: Guid(990c2328597308a46a8f3d888b380296) Importer(815301076,1909f56bfc062723c751e8b465ee728b)
Start importing Assets/JMO Assets/WarFX/_Effects (Mobile)/Explosions/WFXMR_ExplosiveSmokeGround Big Alt.prefab using Guid(990c2328597308a46a8f3d888b380296) Importer(815301076,1909f56bfc062723c751e8b465ee728b)  -> (artifact id: '721305d4fbd987cdb847d3ec0186c44f') in 0.014614 seconds 
========================================================================
Received Import Request.
  Time since last request: 0.000016 seconds.
  path: Assets/JMO Assets/WarFX/_Effects (Mobile)/Explosions/WFXMR_Explosion Small.prefab
  artifactKey: Guid(a57a6829db3568c4d9bdc37e9e63c017) Importer(815301076,1909f56bfc062723c751e8b465ee728b)
Start importing Assets/JMO Assets/WarFX/_Effects (Mobile)/Explosions/WFXMR_Explosion Small.prefab using Guid(a57a6829db3568c4d9bdc37e9e63c017) Importer(815301076,1909f56bfc062723c751e8b465ee728b)  -> (artifact id: 'bd604a25f36f4c1427e04955d04d2a58') in 0.018235 seconds 
========================================================================
Received Import Request.
  Time since last request: 0.000018 seconds.
  path: Assets/JMO Assets/WarFX/_Effects (Mobile)/Explosions/WFXMR_ExplosiveSmoke Small.prefab
  artifactKey: Guid(42f257b24c959a44794a35d032e9da12) Importer(815301076,1909f56bfc062723c751e8b465ee728b)
Start importing Assets/JMO Assets/WarFX/_Effects (Mobile)/Explosions/WFXMR_ExplosiveSmoke Small.prefab using Guid(42f257b24c959a44794a35d032e9da12) Importer(815301076,1909f56bfc062723c751e8b465ee728b)  -> (artifact id: '8d55dbd2cc38cc7f0800b7538aac13fd') in 0.015008 seconds 
========================================================================
Received Import Request.
  Time since last request: 0.000021 seconds.
  path: Assets/JMO Assets/WarFX/_Effects (Mobile)/Explosions/WFXMR_ExplosiveSmoke.prefab
  artifactKey: Guid(e4704660d196fac40802911e12ac76f1) Importer(815301076,1909f56bfc062723c751e8b465ee728b)
Start importing Assets/JMO Assets/WarFX/_Effects (Mobile)/Explosions/WFXMR_ExplosiveSmoke.prefab using Guid(e4704660d196fac40802911e12ac76f1) Importer(815301076,1909f56bfc062723c751e8b465ee728b)  -> (artifact id: '4888488b8b5aa03305426775eb1b6c5c') in 0.014373 seconds 
========================================================================
Received Import Request.
  Time since last request: 0.000032 seconds.
  path: Assets/JMO Assets/WarFX/_Effects (Mobile)/Explosions/WFXMR_ExplosiveSmoke Big.prefab
  artifactKey: Guid(1ae4db7b36e51124b89d2b32303a7a0b) Importer(815301076,1909f56bfc062723c751e8b465ee728b)
Start importing Assets/JMO Assets/WarFX/_Effects (Mobile)/Explosions/WFXMR_ExplosiveSmoke Big.prefab using Guid(1ae4db7b36e51124b89d2b32303a7a0b) Importer(815301076,1909f56bfc062723c751e8b465ee728b)  -> (artifact id: '44fa442de9eccfd0120e03ec1b6d6576') in 0.016347 seconds 
========================================================================
Received Import Request.
  Time since last request: 0.000022 seconds.
  path: Assets/JMO Assets/WarFX/_Effects (Mobile)/Explosions/WFXMR_Explosion StarSmoke.prefab
  artifactKey: Guid(28ccd38a41e256a4e8fea96f5a8d039d) Importer(815301076,1909f56bfc062723c751e8b465ee728b)
Start importing Assets/JMO Assets/WarFX/_Effects (Mobile)/Explosions/WFXMR_Explosion StarSmoke.prefab using Guid(28ccd38a41e256a4e8fea96f5a8d039d) Importer(815301076,1909f56bfc062723c751e8b465ee728b)  -> (artifact id: '3ed4059828c83bfeeb3300c4bb208f95') in 0.017557 seconds 
========================================================================
Received Import Request.
  Time since last request: 1.439801 seconds.
  path: Assets/JMO Assets/WarFX/_Effects (Mobile)/MuzzleFlashes/4Planes/WFXMR_MF 4P RIFLE2.prefab
  artifactKey: Guid(40949a480f6b7d54f99564ee2b469dae) Importer(815301076,1909f56bfc062723c751e8b465ee728b)
Start importing Assets/JMO Assets/WarFX/_Effects (Mobile)/MuzzleFlashes/4Planes/WFXMR_MF 4P RIFLE2.prefab using Guid(40949a480f6b7d54f99564ee2b469dae) Importer(815301076,1909f56bfc062723c751e8b465ee728b)  -> (artifact id: 'd1ee42d11f6eb36c4a36d4c9e3d3d49f') in 0.017260 seconds 
Editor requested this worker to shutdown with reason: Scaling down because of idle timeout
AssetImportWorker is now disconnected from the server
Process exiting
Exiting without the bug reporter. Application will terminate with return code 0